[0m14:55:20.413216 [debug] [MainThread]: Sending event: {'category': 'dbt', 'action': 'invocation', 'label': 'start', 'context': [<snowplow_tracker.self_describing_json.SelfDescribingJson object at 0x104d3ca70>, <snowplow_tracker.self_describing_json.SelfDescribingJson object at 0x105739340>, <snowplow_tracker.self_describing_json.SelfDescribingJson object at 0x105738fb0>]}


============================== 14:55:20.436624 | 6cd17b24-8020-45bc-952b-6b439ecd3490 ==============================
[0m14:55:20.436624 [info ] [MainThread]: Running with dbt=1.10.15
[0m14:55:20.436985 [debug] [MainThread]: running dbt with arguments {'use_experimental_parser': 'False', 'profiles_dir': '/Users/mael/.dbt', 'warn_error': 'None', 'partial_parse': 'True', 'target_path': 'None', 'log_format': 'default', 'empty': 'None', 'fail_fast': 'False', 'debug': 'False', 'cache_selected_only': 'False', 'printer_width': '80', 'indirect_selection': 'eager', 'log_cache_events': 'False', 'warn_error_options': 'WarnErrorOptionsV2(error=[], warn=[], silence=[])', 'invocation_command': 'dbt init', 'static_parser': 'True', 'send_anonymous_usage_stats': 'True', 'log_path': 'logs', 'quiet': 'False', 'no_print': 'None', 'write_json': 'True', 'introspect': 'True', 'use_colors': 'True', 'version_check': 'True'}
[0m14:55:38.695512 [debug] [MainThread]: Starter project path: /Users/mael/DEV/an-data-pipeline/.venv/lib/python3.12/site-packages/dbt/include/starter_project
[0m14:55:38.716141 [info ] [MainThread]: 
Your new dbt project "dbt_an_data" was created!

For more information on how to configure the profiles.yml file,
please consult the dbt documentation here:

  https://docs.getdbt.com/docs/configure-your-profile

One more thing:

Need help? Don't hesitate to reach out to us via GitHub issues or on Slack:

  https://community.getdbt.com/

Happy modeling!

[0m14:55:38.717927 [info ] [MainThread]: Setting up your profile.
[0m14:55:44.485939 [debug] [MainThread]: Resource report: {"command_name": "init", "command_success": true, "command_wall_clock_time": 24.11675, "process_in_blocks": "0", "process_kernel_time": 0.388396, "process_mem_max_rss": "132759552", "process_out_blocks": "0", "process_user_time": 1.489985}
[0m14:55:44.486353 [debug] [MainThread]: Command `dbt init` succeeded at 14:55:44.486273 after 24.12 seconds
[0m14:55:44.486621 [debug] [MainThread]: Sending event: {'category': 'dbt', 'action': 'invocation', 'label': 'end', 'context': [<snowplow_tracker.self_describing_json.SelfDescribingJson object at 0x105502360>, <snowplow_tracker.self_describing_json.SelfDescribingJson object at 0x104ffb740>, <snowplow_tracker.self_describing_json.SelfDescribingJson object at 0x1057391c0>]}
[0m14:55:44.486872 [debug] [MainThread]: Flushing usage events
[0m14:55:44.924546 [debug] [MainThread]: An error was encountered while trying to flush usage events
